2019-01-13 14:44:56,402 [Worker-3: Loading available Gradle versions] INFO  o.e.b.c.i.u.g.PublishedGradleVersions - Gradle version information cache is up-to-date. Trying to read.
2019-01-13 14:51:11,378 [Worker-2: Creating maven-archetype-quickstart] INFO  o.e.m.c.i.p.ProjectConfigurationManager - Collecting project info '/pom.xml' E:\java\Git\java\maven\maven-05\pom.xml
2019-01-13 14:51:16,914 [Worker-2: Creating maven-archetype-quickstart] INFO  o.e.m.c.i.l.LifecycleMappingFactory - Using org.eclipse.m2e.jdt.JarLifecycleMapping lifecycle mapping for MavenProject: com.bjpowenode.maven:maven-05:1.0.0 @ E:\java\Git\java\maven\maven-05\pom.xml.
2019-01-13 14:51:20,742 [Worker-2: Creating maven-archetype-quickstart] INFO  o.e.m.j.i.AbstractJavaProjectConfigurator - Adding source folder /maven-05/src/main/java
2019-01-13 14:51:20,808 [Worker-2: Creating maven-archetype-quickstart] INFO  o.e.m.j.i.AbstractJavaProjectConfigurator - Adding source folder /maven-05/src/test/java
2019-01-13 14:51:21,670 [Worker-2: Creating maven-archetype-quickstart] INFO  o.e.m.c.i.p.ProjectConfigurationManager - Imported and configured 1 project(s) in 10 sec
2019-01-13 14:51:24,161 [Worker-8: Download sources and javadoc] INFO  o.e.m.c.i.e.AbstractTransferListenerAdapter - Downloading https://repo.maven.apache.org/maven2/junit/junit/3.8.1/junit-3.8.1-sources.jar
2019-01-13 14:51:24,276 [Worker-2: Building workspace] INFO  o.e.m.c.i.embedder.EclipseLogger - Using 'UTF-8' encoding to copy filtered resources.
2019-01-13 14:51:24,277 [Worker-2: Building workspace] INFO  o.e.m.c.i.embedder.EclipseLogger - skip non existing resourceDirectory E:\java\Git\java\maven\maven-05\src\main\resources
2019-01-13 14:51:24,282 [Worker-2: Building workspace] INFO  o.e.m.c.i.embedder.EclipseLogger - Using 'UTF-8' encoding to copy filtered resources.
2019-01-13 14:51:24,283 [Worker-2: Building workspace] INFO  o.e.m.c.i.embedder.EclipseLogger - skip non existing resourceDirectory E:\java\Git\java\maven\maven-05\src\test\resources
2019-01-13 14:51:24,933 [Worker-8: Download sources and javadoc] INFO  o.e.m.c.i.e.AbstractTransferListenerAdapter - Downloaded https://repo.maven.apache.org/maven2/junit/junit/3.8.1/junit-3.8.1-sources.jar
2019-01-13 14:51:25,491 [Worker-8: Download sources and javadoc] INFO  o.e.m.j.internal.DownloadSourcesJob - Downloaded sources for junit:junit:3.8.1
2019-01-13 14:51:25,967 [Worker-2: Building workspace] INFO  o.e.m.c.i.embedder.EclipseLogger - Using 'UTF-8' encoding to copy filtered resources.
2019-01-13 14:51:25,968 [Worker-2: Building workspace] INFO  o.e.m.c.i.embedder.EclipseLogger - skip non existing resourceDirectory E:\java\Git\java\maven\maven-05\src\main\resources
2019-01-13 14:51:25,973 [Worker-2: Building workspace] INFO  o.e.m.c.i.embedder.EclipseLogger - Using 'UTF-8' encoding to copy filtered resources.
2019-01-13 14:51:25,975 [Worker-2: Building workspace] INFO  o.e.m.c.i.embedder.EclipseLogger - skip non existing resourceDirectory E:\java\Git\java\maven\maven-05\src\test\resources
2019-01-13 14:51:26,701 [Worker-0: Download sources and javadoc] INFO  o.e.m.j.internal.DownloadSourcesJob - Downloaded sources for junit:junit:3.8.1
2019-01-13 14:51:27,016 [Worker-10: Building workspace] INFO  o.e.m.c.i.embedder.EclipseLogger - Using 'UTF-8' encoding to copy filtered resources.
2019-01-13 14:51:27,018 [Worker-10: Building workspace] INFO  o.e.m.c.i.embedder.EclipseLogger - skip non existing resourceDirectory E:\java\Git\java\maven\maven-05\src\main\resources
2019-01-13 14:51:27,023 [Worker-10: Building workspace] INFO  o.e.m.c.i.embedder.EclipseLogger - Using 'UTF-8' encoding to copy filtered resources.
2019-01-13 14:51:27,024 [Worker-10: Building workspace] INFO  o.e.m.c.i.embedder.EclipseLogger - skip non existing resourceDirectory E:\java\Git\java\maven\maven-05\src\test\resources
2019-01-13 15:12:33,463 [Worker-3: Loading available Gradle versions] INFO  o.e.b.c.i.u.g.PublishedGradleVersions - Gradle version information cache is up-to-date. Trying to read.
2019-01-13 15:30:21,501 [Worker-9: Loading available Gradle versions] INFO  o.e.b.c.i.u.g.PublishedGradleVersions - Gradle version information cache is up-to-date. Trying to read.
2019-01-13 15:31:10,720 [Worker-11: Building workspace] INFO  o.e.m.c.i.embedder.EclipseLogger - Using 'UTF-8' encoding to copy filtered resources.
2019-01-13 15:31:10,733 [Worker-11: Building workspace] INFO  o.e.m.c.i.embedder.EclipseLogger - Copying 0 resource
2019-01-13 15:31:10,741 [Worker-11: Building workspace] INFO  o.e.m.c.i.embedder.EclipseLogger - Using 'UTF-8' encoding to copy filtered resources.
2019-01-13 15:31:10,742 [Worker-11: Building workspace] INFO  o.e.m.c.i.embedder.EclipseLogger - skip non existing resourceDirectory E:\java\Git\java\maven\maven-05\src\test\resources
2019-01-13 15:31:19,312 [Worker-9: Building workspace] INFO  o.e.m.c.i.embedder.EclipseLogger - Using 'UTF-8' encoding to copy filtered resources.
2019-01-13 15:31:19,335 [Worker-9: Building workspace] INFO  o.e.m.c.i.embedder.EclipseLogger - Copying 0 resource
2019-01-13 15:31:19,370 [Worker-9: Building workspace] INFO  o.e.m.c.i.embedder.EclipseLogger - Using 'UTF-8' encoding to copy filtered resources.
2019-01-13 15:31:19,376 [Worker-9: Building workspace] INFO  o.e.m.c.i.embedder.EclipseLogger - Copying 0 resource
2019-01-13 20:35:21,363 [Worker-60: Building workspace] INFO  o.e.m.c.i.embedder.EclipseLogger - Using 'UTF-8' encoding to copy filtered resources.
2019-01-13 20:35:21,465 [Worker-60: Building workspace] INFO  o.e.m.c.i.embedder.EclipseLogger - Copying 0 resource
2019-01-13 20:35:21,472 [Worker-60: Building workspace] INFO  o.e.m.c.i.embedder.EclipseLogger - Using 'UTF-8' encoding to copy filtered resources.
2019-01-13 20:35:21,473 [Worker-60: Building workspace] INFO  o.e.m.c.i.embedder.EclipseLogger - Copying 0 resource
2019-01-13 20:35:37,365 [Worker-59: Building workspace] INFO  o.e.m.c.i.embedder.EclipseLogger - Using 'UTF-8' encoding to copy filtered resources.
2019-01-13 20:35:37,367 [Worker-59: Building workspace] INFO  o.e.m.c.i.embedder.EclipseLogger - Copying 0 resource
2019-01-13 20:35:37,374 [Worker-59: Building workspace] INFO  o.e.m.c.i.embedder.EclipseLogger - Using 'UTF-8' encoding to copy filtered resources.
2019-01-13 20:35:37,378 [Worker-59: Building workspace] INFO  o.e.m.c.i.embedder.EclipseLogger - Copying 0 resource
2019-01-13 20:36:12,068 [Worker-55: Building workspace] INFO  o.e.m.c.i.embedder.EclipseLogger - Using 'UTF-8' encoding to copy filtered resources.
2019-01-13 20:36:12,073 [Worker-55: Building workspace] INFO  o.e.m.c.i.embedder.EclipseLogger - Copying 0 resource
2019-01-13 20:36:12,084 [Worker-55: Building workspace] INFO  o.e.m.c.i.embedder.EclipseLogger - Using 'UTF-8' encoding to copy filtered resources.
2019-01-13 20:36:12,087 [Worker-55: Building workspace] INFO  o.e.m.c.i.embedder.EclipseLogger - Copying 0 resource
2019-01-13 20:38:24,695 [Worker-65: Building workspace] INFO  o.e.m.c.i.embedder.EclipseLogger - Using 'UTF-8' encoding to copy filtered resources.
2019-01-13 20:38:24,699 [Worker-65: Building workspace] INFO  o.e.m.c.i.embedder.EclipseLogger - Copying 0 resource
2019-01-13 20:38:24,731 [Worker-65: Building workspace] INFO  o.e.m.c.i.embedder.EclipseLogger - Using 'UTF-8' encoding to copy filtered resources.
2019-01-13 20:38:24,735 [Worker-65: Building workspace] INFO  o.e.m.c.i.embedder.EclipseLogger - Copying 0 resource
2019-01-13 20:40:38,585 [Worker-64: Building workspace] INFO  o.e.m.c.i.embedder.EclipseLogger - Using 'UTF-8' encoding to copy filtered resources.
2019-01-13 20:40:38,587 [Worker-64: Building workspace] INFO  o.e.m.c.i.embedder.EclipseLogger - Copying 0 resource
2019-01-13 20:40:38,593 [Worker-64: Building workspace] INFO  o.e.m.c.i.embedder.EclipseLogger - Using 'UTF-8' encoding to copy filtered resources.
2019-01-13 20:40:38,597 [Worker-64: Building workspace] INFO  o.e.m.c.i.embedder.EclipseLogger - Copying 0 resource
2019-01-13 20:44:16,652 [Worker-68: Building workspace] INFO  o.e.m.c.i.l.LifecycleMappingFactory - Using org.eclipse.m2e.jdt.JarLifecycleMapping lifecycle mapping for MavenProject: com.bjpowenode.maven:maven-05:1.0.0 @ E:\java\Git\java\maven\maven-05\pom.xml.
2019-01-13 20:44:20,413 [Worker-68: Building workspace] INFO  o.e.m.c.i.e.AbstractTransferListenerAdapter - Downloading https://repo.maven.apache.org/maven2/junit/junit/4.12/junit-4.12.pom
2019-01-13 20:44:21,433 [Worker-68: Building workspace] INFO  o.e.m.c.i.e.AbstractTransferListenerAdapter - Downloaded https://repo.maven.apache.org/maven2/junit/junit/4.12/junit-4.12.pom
2019-01-13 20:44:21,893 [Worker-68: Building workspace] INFO  o.e.m.c.i.e.AbstractTransferListenerAdapter - Downloading https://repo.maven.apache.org/maven2/org/hamcrest/hamcrest-core/1.3/hamcrest-core-1.3.pom
2019-01-13 20:44:22,227 [Worker-68: Building workspace] INFO  o.e.m.c.i.e.AbstractTransferListenerAdapter - Downloaded https://repo.maven.apache.org/maven2/org/hamcrest/hamcrest-core/1.3/hamcrest-core-1.3.pom
2019-01-13 20:44:22,523 [Worker-68: Building workspace] INFO  o.e.m.c.i.e.AbstractTransferListenerAdapter - Downloading https://repo.maven.apache.org/maven2/org/hamcrest/hamcrest-parent/1.3/hamcrest-parent-1.3.pom
2019-01-13 20:44:22,771 [Worker-68: Building workspace] INFO  o.e.m.c.i.e.AbstractTransferListenerAdapter - Downloaded https://repo.maven.apache.org/maven2/org/hamcrest/hamcrest-parent/1.3/hamcrest-parent-1.3.pom
2019-01-13 20:44:23,050 [Worker-68: Building workspace] INFO  o.e.m.c.i.e.AbstractTransferListenerAdapter - Downloading https://repo.maven.apache.org/maven2/junit/junit/4.12/junit-4.12.jar
2019-01-13 20:44:25,534 [Worker-68: Building workspace] INFO  o.e.m.c.i.e.AbstractTransferListenerAdapter - Downloaded https://repo.maven.apache.org/maven2/junit/junit/4.12/junit-4.12.jar
2019-01-13 20:44:25,748 [Worker-68: Building workspace] INFO  o.e.m.c.i.e.AbstractTransferListenerAdapter - Downloading https://repo.maven.apache.org/maven2/org/hamcrest/hamcrest-core/1.3/hamcrest-core-1.3.jar
2019-01-13 20:44:26,172 [Worker-68: Building workspace] INFO  o.e.m.c.i.e.AbstractTransferListenerAdapter - Downloaded https://repo.maven.apache.org/maven2/org/hamcrest/hamcrest-core/1.3/hamcrest-core-1.3.jar
2019-01-13 20:44:30,646 [Worker-69: Download sources and javadoc] INFO  o.e.m.c.i.e.AbstractTransferListenerAdapter - Downloading https://repo.maven.apache.org/maven2/junit/junit/4.12/junit-4.12-sources.jar
2019-01-13 20:44:30,724 [Worker-68: Building workspace] INFO  o.e.m.c.i.embedder.EclipseLogger - Using 'UTF-8' encoding to copy filtered resources.
2019-01-13 20:44:30,731 [Worker-68: Building workspace] INFO  o.e.m.c.i.embedder.EclipseLogger - Copying 0 resource
2019-01-13 20:44:30,740 [Worker-68: Building workspace] INFO  o.e.m.c.i.embedder.EclipseLogger - Using 'UTF-8' encoding to copy filtered resources.
2019-01-13 20:44:30,742 [Worker-68: Building workspace] INFO  o.e.m.c.i.embedder.EclipseLogger - Copying 0 resource
2019-01-13 20:44:31,685 [Worker-69: Download sources and javadoc] INFO  o.e.m.c.i.e.AbstractTransferListenerAdapter - Downloaded https://repo.maven.apache.org/maven2/junit/junit/4.12/junit-4.12-sources.jar
2019-01-13 20:44:32,378 [Worker-69: Download sources and javadoc] INFO  o.e.m.j.internal.DownloadSourcesJob - Downloaded sources for junit:junit:4.12
2019-01-13 20:44:32,605 [Worker-69: Download sources and javadoc] INFO  o.e.m.c.i.e.AbstractTransferListenerAdapter - Downloading https://repo.maven.apache.org/maven2/org/hamcrest/hamcrest-core/1.3/hamcrest-core-1.3-sources.jar
2019-01-13 20:44:32,820 [Worker-69: Download sources and javadoc] INFO  o.e.m.c.i.e.AbstractTransferListenerAdapter - Downloaded https://repo.maven.apache.org/maven2/org/hamcrest/hamcrest-core/1.3/hamcrest-core-1.3-sources.jar
2019-01-13 20:44:32,949 [Worker-69: Download sources and javadoc] INFO  o.e.m.j.internal.DownloadSourcesJob - Downloaded sources for org.hamcrest:hamcrest-core:1.3
2019-01-13 20:44:33,673 [Worker-69: Building workspace] INFO  o.e.m.c.i.embedder.EclipseLogger - Using 'UTF-8' encoding to copy filtered resources.
2019-01-13 20:44:33,678 [Worker-69: Building workspace] INFO  o.e.m.c.i.embedder.EclipseLogger - Copying 0 resource
2019-01-13 20:44:33,686 [Worker-69: Building workspace] INFO  o.e.m.c.i.embedder.EclipseLogger - Using 'UTF-8' encoding to copy filtered resources.
2019-01-13 20:44:33,689 [Worker-69: Building workspace] INFO  o.e.m.c.i.embedder.EclipseLogger - Copying 0 resource
2019-01-13 20:54:06,760 [Worker-60: Launching HelloMavenTest] INFO  o.e.m.c.i.embedder.EclipseLogger - Using 'UTF-8' encoding to copy filtered resources.
2019-01-13 20:54:06,768 [Worker-60: Launching HelloMavenTest] INFO  o.e.m.c.i.embedder.EclipseLogger - Copying 0 resource
2019-01-13 20:54:06,790 [Worker-60: Launching HelloMavenTest] INFO  o.e.m.c.i.embedder.EclipseLogger - Using 'UTF-8' encoding to copy filtered resources.
2019-01-13 20:54:06,865 [Worker-60: Launching HelloMavenTest] INFO  o.e.m.c.i.embedder.EclipseLogger - Copying 0 resource
2019-01-13 20:54:46,766 [Worker-75: Launching Executing test in E__java_Git_java_maven_maven-05] INFO  o.e.m.i.launch.MavenLaunchDelegate - E:\java\Git\java\maven\maven-05
2019-01-13 20:54:46,774 [Worker-75: Launching Executing test in E__java_Git_java_maven_maven-05] INFO  o.e.m.i.launch.MavenLaunchDelegate -  mvn -B -gs E:\maven\maven\conf\settings.xml -s E:\maven\maven\conf\settings.xml test
2019-01-13 20:54:46,776 [Worker-75: Launching Executing test in E__java_Git_java_maven_maven-05] WARN  o.e.m.i.l.MavenLaunchExtensionsSupport - Unknown or unsupported source locator org.eclipse.jdt.internal.launching.sourcelookup.advanced.AdvancedSourceLookupDirector
2019-01-13 20:56:16,252 [Worker-75: Launching Executing clean in E__java_Git_java_maven_maven-05] INFO  o.e.m.i.launch.MavenLaunchDelegate - E:\java\Git\java\maven\maven-05
2019-01-13 20:56:16,257 [Worker-75: Launching Executing clean in E__java_Git_java_maven_maven-05] INFO  o.e.m.i.launch.MavenLaunchDelegate -  mvn -B -gs E:\maven\maven\conf\settings.xml -s E:\maven\maven\conf\settings.xml clean
2019-01-13 20:56:26,630 [Worker-79: Building workspace] INFO  o.e.m.c.i.embedder.EclipseLogger - Using 'UTF-8' encoding to copy filtered resources.
2019-01-13 20:56:26,632 [Worker-79: Building workspace] INFO  o.e.m.c.i.embedder.EclipseLogger - Copying 0 resource
2019-01-13 20:56:26,635 [Worker-79: Building workspace] INFO  o.e.m.c.i.embedder.EclipseLogger - Using 'UTF-8' encoding to copy filtered resources.
2019-01-13 20:56:26,638 [Worker-79: Building workspace] INFO  o.e.m.c.i.embedder.EclipseLogger - Copying 0 resource
2019-01-13 20:56:38,399 [main] INFO  o.e.m2e.actions.ExecutePomAction - Creating new launch configuration
2019-01-13 20:56:51,096 [main] INFO  o.e.m2e.actions.ExecutePomAction - Creating new launch configuration
2019-01-13 20:57:05,961 [Worker-79: Launching Executing test in E__java_Git_java_maven_maven-05] INFO  o.e.m.i.launch.MavenLaunchDelegate - E:\java\Git\java\maven\maven-05
2019-01-13 20:57:05,964 [Worker-79: Launching Executing test in E__java_Git_java_maven_maven-05] INFO  o.e.m.i.launch.MavenLaunchDelegate -  mvn -B -gs E:\maven\maven\conf\settings.xml -s E:\maven\maven\conf\settings.xml test
2019-01-13 20:57:17,824 [Worker-80: Building workspace] INFO  o.e.m.c.i.embedder.EclipseLogger - Using 'UTF-8' encoding to copy filtered resources.
2019-01-13 20:57:17,824 [Worker-80: Building workspace] INFO  o.e.m.c.i.embedder.EclipseLogger - Copying 0 resource
2019-01-13 20:57:17,826 [Worker-80: Building workspace] INFO  o.e.m.c.i.embedder.EclipseLogger - Using 'UTF-8' encoding to copy filtered resources.
2019-01-13 20:57:17,827 [Worker-80: Building workspace] INFO  o.e.m.c.i.embedder.EclipseLogger - Copying 0 resource
2019-01-13 21:04:04,245 [Worker-4: Loading available Gradle versions] INFO  o.e.b.c.i.u.g.PublishedGradleVersions - Gradle version information cache is up-to-date. Trying to read.
2019-01-13 21:04:10,548 [Worker-0: Launching Executing test in E__java_Git_java_maven_maven-05] INFO  o.e.m.i.launch.MavenLaunchDelegate - E:\java\Git\java\maven\maven-05
2019-01-13 21:04:10,563 [Worker-0: Launching Executing test in E__java_Git_java_maven_maven-05] INFO  o.e.m.i.launch.MavenLaunchDelegate -  mvn -B -gs E:\maven\maven\conf\settings.xml -s E:\maven\maven\conf\settings.xml test
2019-01-13 21:08:59,136 [Worker-8: Building workspace] INFO  o.e.m.c.i.embedder.EclipseLogger - Using 'UTF-8' encoding to copy filtered resources.
2019-01-13 21:08:59,142 [Worker-8: Building workspace] INFO  o.e.m.c.i.embedder.EclipseLogger - Copying 0 resource
2019-01-13 21:08:59,147 [Worker-8: Building workspace] INFO  o.e.m.c.i.embedder.EclipseLogger - Using 'UTF-8' encoding to copy filtered resources.
2019-01-13 21:08:59,148 [Worker-8: Building workspace] INFO  o.e.m.c.i.embedder.EclipseLogger - Copying 0 resource
2019-01-13 21:09:10,387 [Worker-8: Launching Executing test in E__java_Git_java_maven_maven-05] INFO  o.e.m.i.launch.MavenLaunchDelegate - E:\java\Git\java\maven\maven-05
2019-01-13 21:09:10,392 [Worker-8: Launching Executing test in E__java_Git_java_maven_maven-05] INFO  o.e.m.i.launch.MavenLaunchDelegate -  mvn -B -gs E:\maven\maven\conf\settings.xml -s E:\maven\maven\conf\settings.xml test
2019-01-13 21:16:18,712 [Worker-14: Building workspace] INFO  o.e.m.c.i.embedder.EclipseLogger - Using 'UTF-8' encoding to copy filtered resources.
2019-01-13 21:16:18,731 [Worker-14: Building workspace] INFO  o.e.m.c.i.embedder.EclipseLogger - Copying 0 resource
2019-01-13 21:16:18,738 [Worker-14: Building workspace] INFO  o.e.m.c.i.embedder.EclipseLogger - Using 'UTF-8' encoding to copy filtered resources.
2019-01-13 21:16:18,741 [Worker-14: Building workspace] INFO  o.e.m.c.i.embedder.EclipseLogger - Copying 0 resource
2019-01-13 21:16:54,467 [Worker-12: Building workspace] INFO  o.e.m.c.i.embedder.EclipseLogger - Using 'UTF-8' encoding to copy filtered resources.
2019-01-13 21:16:54,471 [Worker-12: Building workspace] INFO  o.e.m.c.i.embedder.EclipseLogger - Copying 0 resource
2019-01-13 21:16:54,484 [Worker-12: Building workspace] INFO  o.e.m.c.i.embedder.EclipseLogger - Using 'UTF-8' encoding to copy filtered resources.
2019-01-13 21:16:54,487 [Worker-12: Building workspace] INFO  o.e.m.c.i.embedder.EclipseLogger - Copying 0 resource
2019-01-13 21:17:07,123 [Worker-15: Building workspace] INFO  o.e.m.c.i.embedder.EclipseLogger - Using 'UTF-8' encoding to copy filtered resources.
2019-01-13 21:17:07,130 [Worker-15: Building workspace] INFO  o.e.m.c.i.embedder.EclipseLogger - Copying 0 resource
2019-01-13 21:17:07,137 [Worker-15: Building workspace] INFO  o.e.m.c.i.embedder.EclipseLogger - Using 'UTF-8' encoding to copy filtered resources.
2019-01-13 21:17:07,146 [Worker-15: Building workspace] INFO  o.e.m.c.i.embedder.EclipseLogger - Copying 0 resource
2019-01-13 21:17:20,525 [Worker-13: Launching Executing test in E__java_Git_java_maven_maven-05] INFO  o.e.m.i.launch.MavenLaunchDelegate - E:\java\Git\java\maven\maven-05
2019-01-13 21:17:20,530 [Worker-13: Launching Executing test in E__java_Git_java_maven_maven-05] INFO  o.e.m.i.launch.MavenLaunchDelegate -  mvn -B -gs E:\maven\maven\conf\settings.xml -s E:\maven\maven\conf\settings.xml test
2019-01-13 21:19:30,416 [Worker-16: Creating maven-archetype-quickstart] INFO  o.e.m.c.i.p.ProjectConfigurationManager - Collecting project info '/pom.xml' E:\java\Git\java\maven\maven-06\pom.xml
2019-01-13 21:19:33,447 [Worker-16: Creating maven-archetype-quickstart] INFO  o.e.m.c.i.l.LifecycleMappingFactory - Using org.eclipse.m2e.jdt.JarLifecycleMapping lifecycle mapping for MavenProject: com.bjpowenode.maven:maven-06:1.0.0 @ E:\java\Git\java\maven\maven-06\pom.xml.
2019-01-13 21:19:33,792 [Worker-16: Creating maven-archetype-quickstart] INFO  o.e.m.j.i.AbstractJavaProjectConfigurator - Adding source folder /maven-06/src/main/java
2019-01-13 21:19:33,825 [Worker-16: Creating maven-archetype-quickstart] INFO  o.e.m.j.i.AbstractJavaProjectConfigurator - Adding source folder /maven-06/src/test/java
2019-01-13 21:19:34,328 [Worker-16: Creating maven-archetype-quickstart] INFO  o.e.m.c.i.p.ProjectConfigurationManager - Imported and configured 1 project(s) in 3 sec
2019-01-13 21:19:34,960 [Worker-12: Building workspace] INFO  o.e.m.c.i.embedder.EclipseLogger - Using 'UTF-8' encoding to copy filtered resources.
2019-01-13 21:19:34,960 [Worker-12: Building workspace] INFO  o.e.m.c.i.embedder.EclipseLogger - skip non existing resourceDirectory E:\java\Git\java\maven\maven-06\src\main\resources
2019-01-13 21:19:34,963 [Worker-12: Building workspace] INFO  o.e.m.c.i.embedder.EclipseLogger - Using 'UTF-8' encoding to copy filtered resources.
2019-01-13 21:19:34,963 [Worker-12: Building workspace] INFO  o.e.m.c.i.embedder.EclipseLogger - skip non existing resourceDirectory E:\java\Git\java\maven\maven-06\src\test\resources
2019-01-13 21:20:09,142 [Worker-12: Building workspace] INFO  o.e.m.c.i.l.LifecycleMappingFactory - Using org.eclipse.m2e.jdt.JarLifecycleMapping lifecycle mapping for MavenProject: com.bjpowenode.maven:maven-06:1.0.0 @ E:\java\Git\java\maven\maven-06\pom.xml.
2019-01-13 21:20:09,557 [Worker-12: Building workspace] WARN  o.e.m.c.i.embedder.EclipseLogger - Using platform encoding (GBK actually) to copy filtered resources, i.e. build is platform dependent!
2019-01-13 21:20:09,560 [Worker-12: Building workspace] INFO  o.e.m.c.i.embedder.EclipseLogger - skip non existing resourceDirectory E:\java\Git\java\maven\maven-06\src\main\resources
2019-01-13 21:20:09,563 [Worker-12: Building workspace] WARN  o.e.m.c.i.embedder.EclipseLogger - Using platform encoding (GBK actually) to copy filtered resources, i.e. build is platform dependent!
2019-01-13 21:20:09,565 [Worker-12: Building workspace] INFO  o.e.m.c.i.embedder.EclipseLogger - skip non existing resourceDirectory E:\java\Git\java\maven\maven-06\src\test\resources
2019-01-13 21:20:10,979 [Worker-12: Building workspace] WARN  o.e.m.c.i.embedder.EclipseLogger - Using platform encoding (GBK actually) to copy filtered resources, i.e. build is platform dependent!
2019-01-13 21:20:10,983 [Worker-12: Building workspace] INFO  o.e.m.c.i.embedder.EclipseLogger - skip non existing resourceDirectory E:\java\Git\java\maven\maven-06\src\main\resources
2019-01-13 21:20:10,986 [Worker-12: Building workspace] WARN  o.e.m.c.i.embedder.EclipseLogger - Using platform encoding (GBK actually) to copy filtered resources, i.e. build is platform dependent!
2019-01-13 21:20:10,988 [Worker-12: Building workspace] INFO  o.e.m.c.i.embedder.EclipseLogger - skip non existing resourceDirectory E:\java\Git\java\maven\maven-06\src\test\resources
2019-01-13 21:20:23,218 [Worker-12: Building workspace] WARN  o.e.m.c.i.embedder.EclipseLogger - Using platform encoding (GBK actually) to copy filtered resources, i.e. build is platform dependent!
2019-01-13 21:20:23,229 [Worker-12: Building workspace] INFO  o.e.m.c.i.embedder.EclipseLogger - Copying 0 resource
2019-01-13 21:20:23,256 [Worker-12: Building workspace] WARN  o.e.m.c.i.embedder.EclipseLogger - Using platform encoding (GBK actually) to copy filtered resources, i.e. build is platform dependent!
2019-01-13 21:20:23,260 [Worker-12: Building workspace] INFO  o.e.m.c.i.embedder.EclipseLogger - skip non existing resourceDirectory E:\java\Git\java\maven\maven-06\src\test\resources
2019-01-13 21:20:32,905 [Worker-15: Building workspace] WARN  o.e.m.c.i.embedder.EclipseLogger - Using platform encoding (GBK actually) to copy filtered resources, i.e. build is platform dependent!
2019-01-13 21:20:32,914 [Worker-15: Building workspace] INFO  o.e.m.c.i.embedder.EclipseLogger - Copying 0 resource
2019-01-13 21:20:32,925 [Worker-15: Building workspace] WARN  o.e.m.c.i.embedder.EclipseLogger - Using platform encoding (GBK actually) to copy filtered resources, i.e. build is platform dependent!
2019-01-13 21:20:32,935 [Worker-15: Building workspace] INFO  o.e.m.c.i.embedder.EclipseLogger - Copying 0 resource
2019-01-13 21:20:53,404 [Worker-15: Building workspace] WARN  o.e.m.c.i.embedder.EclipseLogger - Using platform encoding (GBK actually) to copy filtered resources, i.e. build is platform dependent!
2019-01-13 21:20:53,427 [Worker-15: Building workspace] INFO  o.e.m.c.i.embedder.EclipseLogger - Copying 0 resource
2019-01-13 21:20:53,434 [Worker-15: Building workspace] WARN  o.e.m.c.i.embedder.EclipseLogger - Using platform encoding (GBK actually) to copy filtered resources, i.e. build is platform dependent!
2019-01-13 21:20:53,439 [Worker-15: Building workspace] INFO  o.e.m.c.i.embedder.EclipseLogger - Copying 0 resource
2019-01-13 21:21:20,090 [Worker-12: Building workspace] WARN  o.e.m.c.i.embedder.EclipseLogger - Using platform encoding (GBK actually) to copy filtered resources, i.e. build is platform dependent!
2019-01-13 21:21:20,097 [Worker-12: Building workspace] INFO  o.e.m.c.i.embedder.EclipseLogger - Copying 0 resource
2019-01-13 21:21:20,103 [Worker-12: Building workspace] WARN  o.e.m.c.i.embedder.EclipseLogger - Using platform encoding (GBK actually) to copy filtered resources, i.e. build is platform dependent!
2019-01-13 21:21:20,109 [Worker-12: Building workspace] INFO  o.e.m.c.i.embedder.EclipseLogger - Copying 0 resource
2019-01-13 21:21:42,553 [Worker-16: Building workspace] WARN  o.e.m.c.i.embedder.EclipseLogger - Using platform encoding (GBK actually) to copy filtered resources, i.e. build is platform dependent!
2019-01-13 21:21:42,559 [Worker-16: Building workspace] INFO  o.e.m.c.i.embedder.EclipseLogger - Copying 0 resource
2019-01-13 21:21:42,571 [Worker-16: Building workspace] WARN  o.e.m.c.i.embedder.EclipseLogger - Using platform encoding (GBK actually) to copy filtered resources, i.e. build is platform dependent!
2019-01-13 21:21:42,580 [Worker-16: Building workspace] INFO  o.e.m.c.i.embedder.EclipseLogger - Copying 0 resource
2019-01-13 21:21:50,182 [Worker-8: Building workspace] WARN  o.e.m.c.i.embedder.EclipseLogger - Using platform encoding (GBK actually) to copy filtered resources, i.e. build is platform dependent!
2019-01-13 21:21:50,188 [Worker-8: Building workspace] INFO  o.e.m.c.i.embedder.EclipseLogger - Copying 0 resource
2019-01-13 21:21:50,193 [Worker-8: Building workspace] WARN  o.e.m.c.i.embedder.EclipseLogger - Using platform encoding (GBK actually) to copy filtered resources, i.e. build is platform dependent!
2019-01-13 21:21:50,201 [Worker-8: Building workspace] INFO  o.e.m.c.i.embedder.EclipseLogger - Copying 0 resource
2019-01-13 21:22:06,168 [Worker-14: Launching Executing install in E__java_Git_java_maven_maven-06] INFO  o.e.m.i.launch.MavenLaunchDelegate - E:\java\Git\java\maven\maven-06
2019-01-13 21:22:06,174 [Worker-14: Launching Executing install in E__java_Git_java_maven_maven-06] INFO  o.e.m.i.launch.MavenLaunchDelegate -  mvn -B -gs E:\maven\maven\conf\settings.xml -s E:\maven\maven\conf\settings.xml install
2019-01-13 21:23:36,600 [Worker-13: Building workspace] INFO  o.e.m.c.i.l.LifecycleMappingFactory - Using org.eclipse.m2e.jdt.JarLifecycleMapping lifecycle mapping for MavenProject: com.bjpowenode.maven:maven-06:1.0.0 @ E:\java\Git\java\maven\maven-06\pom.xml.
2019-01-13 21:23:36,907 [Worker-13: Building workspace] WARN  o.e.m.c.i.embedder.EclipseLogger - Using platform encoding (GBK actually) to copy filtered resources, i.e. build is platform dependent!
2019-01-13 21:23:36,911 [Worker-13: Building workspace] INFO  o.e.m.c.i.embedder.EclipseLogger - Copying 0 resource
2019-01-13 21:23:36,914 [Worker-13: Building workspace] WARN  o.e.m.c.i.embedder.EclipseLogger - Using platform encoding (GBK actually) to copy filtered resources, i.e. build is platform dependent!
2019-01-13 21:23:36,917 [Worker-13: Building workspace] INFO  o.e.m.c.i.embedder.EclipseLogger - Copying 0 resource
2019-01-13 21:23:38,352 [Worker-13: Building workspace] WARN  o.e.m.c.i.embedder.EclipseLogger - Using platform encoding (GBK actually) to copy filtered resources, i.e. build is platform dependent!
2019-01-13 21:23:38,355 [Worker-13: Building workspace] INFO  o.e.m.c.i.embedder.EclipseLogger - Copying 0 resource
2019-01-13 21:23:38,357 [Worker-13: Building workspace] WARN  o.e.m.c.i.embedder.EclipseLogger - Using platform encoding (GBK actually) to copy filtered resources, i.e. build is platform dependent!
2019-01-13 21:23:38,360 [Worker-13: Building workspace] INFO  o.e.m.c.i.embedder.EclipseLogger - Copying 0 resource
2019-01-13 21:23:47,367 [Worker-8: Launching Executing install in E__java_Git_java_maven_maven-06] INFO  o.e.m.i.launch.MavenLaunchDelegate - E:\java\Git\java\maven\maven-06
2019-01-13 21:23:47,373 [Worker-8: Launching Executing install in E__java_Git_java_maven_maven-06] INFO  o.e.m.i.launch.MavenLaunchDelegate -  mvn -B -gs E:\maven\maven\conf\settings.xml -s E:\maven\maven\conf\settings.xml install
2019-01-13 21:24:41,265 [Worker-8: Building workspace] WARN  o.e.m.c.i.embedder.EclipseLogger - Using platform encoding (GBK actually) to copy filtered resources, i.e. build is platform dependent!
2019-01-13 21:24:41,272 [Worker-8: Building workspace] INFO  o.e.m.c.i.embedder.EclipseLogger - Copying 0 resource
2019-01-13 21:24:41,282 [Worker-8: Building workspace] WARN  o.e.m.c.i.embedder.EclipseLogger - Using platform encoding (GBK actually) to copy filtered resources, i.e. build is platform dependent!
2019-01-13 21:24:41,289 [Worker-8: Building workspace] INFO  o.e.m.c.i.embedder.EclipseLogger - Copying 0 resource
2019-01-13 21:25:05,618 [Worker-13: Launching Executing install in E__java_Git_java_maven_maven-06] INFO  o.e.m.i.launch.MavenLaunchDelegate - E:\java\Git\java\maven\maven-06
2019-01-13 21:25:05,621 [Worker-13: Launching Executing install in E__java_Git_java_maven_maven-06] INFO  o.e.m.i.launch.MavenLaunchDelegate -  mvn -B -gs E:\maven\maven\conf\settings.xml -s E:\maven\maven\conf\settings.xml install
2019-01-13 21:25:51,476 [Worker-13: Launching Executing clean in E__java_Git_java_maven_maven-06] INFO  o.e.m.i.launch.MavenLaunchDelegate - E:\java\Git\java\maven\maven-06
2019-01-13 21:25:51,480 [Worker-13: Launching Executing clean in E__java_Git_java_maven_maven-06] INFO  o.e.m.i.launch.MavenLaunchDelegate -  mvn -B -gs E:\maven\maven\conf\settings.xml -s E:\maven\maven\conf\settings.xml clean
2019-01-13 21:26:39,673 [Worker-16: Launching Executing install in E__java_Git_java_maven_maven-06] INFO  o.e.m.i.launch.MavenLaunchDelegate - E:\java\Git\java\maven\maven-06
2019-01-13 21:26:39,677 [Worker-16: Launching Executing install in E__java_Git_java_maven_maven-06] INFO  o.e.m.i.launch.MavenLaunchDelegate -  mvn -B -gs E:\maven\maven\conf\settings.xml -s E:\maven\maven\conf\settings.xml install
2019-01-13 21:27:25,415 [Worker-16: Building workspace] WARN  o.e.m.c.i.embedder.EclipseLogger - Using platform encoding (GBK actually) to copy filtered resources, i.e. build is platform dependent!
2019-01-13 21:27:25,435 [Worker-16: Building workspace] INFO  o.e.m.c.i.embedder.EclipseLogger - Copying 0 resource
2019-01-13 21:27:25,474 [Worker-16: Building workspace] WARN  o.e.m.c.i.embedder.EclipseLogger - Using platform encoding (GBK actually) to copy filtered resources, i.e. build is platform dependent!
2019-01-13 21:27:25,489 [Worker-16: Building workspace] INFO  o.e.m.c.i.embedder.EclipseLogger - Copying 0 resource
